<?xml version="1.0" encoding="UTF-8"?>
<!-- Generated by org.testng.reporters.JUnitXMLReporter -->
<testsuite hostname="Vipin" ignored="0" name="Case2" tests="1" failures="1" timestamp="12 Apr 2020 09:36:13 GMT" time="4.812" errors="0">
  <testcase name="@AfterMethod teardown" time="0.001" classname="gmail.com.base.Base">
    <failure type="java.lang.NullPointerException">
      <![CDATA[java.lang.NullPointerException
at gmail.com.base.Base.teardown(Base.java:24)
... Removed 28 stack frames]]>
    </failure>
  </testcase> <!-- @AfterMethod teardown -->
  <testcase name="Case2" time="0.007" classname="gmail.com.secondtest">
    <failure type="java.lang.NullPointerException">
      <![CDATA[java.lang.NullPointerException
at gmail.com.secondtest.Case2(secondtest.java:13)
... Removed 25 stack frames]]>
    </failure>
  </testcase> <!-- Case2 -->
</testsuite> <!-- Case2 -->
