<?xml version="1.0" encoding="UTF-8"?>
<!-- Generated by org.testng.reporters.JUnitXMLReporter -->
<testsuite hostname="Vipin" ignored="0" name="case1" tests="1" failures="1" timestamp="12 Apr 2020 08:44:42 GMT" time="4.934" errors="0">
  <testcase name="@AfterClass teardown" time="0.0" classname="gmail.com.Base">
    <failure type="java.lang.NullPointerException">
      <![CDATA[java.lang.NullPointerException
at gmail.com.Base.teardown(Base.java:21)
... Removed 26 stack frames]]>
    </failure>
  </testcase> <!-- @AfterClass teardown -->
  <testcase name="case1" time="0.012" classname="gmail.com.FirstTestCase">
    <failure type="java.lang.NullPointerException">
      <![CDATA[java.lang.NullPointerException
at gmail.com.FirstTestCase.case1(FirstTestCase.java:13)
... Removed 25 stack frames]]>
    </failure>
  </testcase> <!-- case1 -->
</testsuite> <!-- case1 -->
