<?xml version="1.0" encoding="UTF-8"?>
<!-- Generated by org.testng.reporters.JUnitXMLReporter -->
<testsuite hostname="Vipin" ignored="0" name="case2" tests="1" failures="1" timestamp="11 Apr 2020 15:18:58 GMT" time="3.177" errors="0">
  <testcase name="@AfterClass teardown" time="0.0" classname="gmail.com.Base">
    <failure type="java.lang.NullPointerException">
      <![CDATA[java.lang.NullPointerException
at gmail.com.Base.teardown(Base.java:21)
... Removed 26 stack frames]]>
    </failure>
  </testcase> <!-- @AfterClass teardown -->
  <testcase name="case2" time="0.012" classname="gmail.com.secondtest">
    <failure type="java.lang.NullPointerException">
      <![CDATA[java.lang.NullPointerException
at gmail.com.secondtest.case2(secondtest.java:11)
... Removed 25 stack frames]]>
    </failure>
  </testcase> <!-- case2 -->
</testsuite> <!-- case2 -->
