<?xml version="1.0" encoding="UTF-8"?>
<!-- Generated by org.testng.reporters.JUnitXMLReporter -->
<testsuite hostname="Vipin" ignored="0" name="case1" tests="1" failures="1" timestamp="12 Apr 2020 09:27:45 GMT" time="19.554" errors="0">
  <testcase name="@AfterClass teardown" time="0.001" classname="gmail.com.base.Base">
    <failure type="java.lang.NullPointerException">
      <![CDATA[java.lang.NullPointerException
at gmail.com.base.Base.teardown(Base.java:23)
... Removed 26 stack frames]]>
    </failure>
  </testcase> <!-- @AfterClass teardown -->
  <testcase name="case1" time="0.016" classname="gmail.com.FirstTestCase">
    <failure type="java.lang.NullPointerException">
      <![CDATA[java.lang.NullPointerException
at gmail.com.FirstTestCase.case1(FirstTestCase.java:12)
... Removed 25 stack frames]]>
    </failure>
  </testcase> <!-- case1 -->
</testsuite> <!-- case1 -->
